<?xml version="1.0" encoding="UTF-8" ?>
<testsuite tests="4" failures="0" name="com.niit.test.CategoryTestCase" time="8.706" errors="0" skipped="4">
  <properties>
[...]
</properties>
  <testcase classname="com.niit.test.CategoryTestCase" name="createCategoryTestCase" time="2.172">
    <skipped/>
    <system-err>Nov 09, 2017 10:29:37 AM org.springframework.context.annotation.AnnotationConfigApplicationContext prepareRefresh
INFO: Refreshing org.springframework.context.annotation.AnnotationConfigApplicationContext@290aeb20: startup date [Thu Nov 09 10:29:37 IST 2017]; root of context hierarchy
Nov 09, 2017 10:29:37 AM org.springframework.jdbc.datasource.DriverManagerDataSource setDriverClassName
INFO: Loaded JDBC driver: org.h2.Driver
Nov 09, 2017 10:29:37 AM org.hibernate.dialect.Dialect &lt;init&gt;
INFO: HHH000400: Using dialect: org.hibernate.dialect.H2Dialect
Nov 09, 2017 10:29:37 AM org.hibernate.engine.transaction.internal.TransactionFactoryInitiator initiateService
INFO: HHH000399: Using default transaction strategy (direct JDBC transactions)
Nov 09, 2017 10:29:37 AM org.hibernate.hql.internal.ast.ASTQueryTranslatorFactory &lt;init&gt;
INFO: HHH000397: Using ASTQueryTranslatorFactory
Nov 09, 2017 10:29:38 AM org.hibernate.tool.hbm2ddl.SchemaUpdate execute
INFO: HHH000228: Running hbm2ddl schema update
Nov 09, 2017 10:29:38 AM org.hibernate.tool.hbm2ddl.SchemaUpdate execute
INFO: HHH000102: Fetching database metadata
Nov 09, 2017 10:29:38 AM org.hibernate.tool.hbm2ddl.SchemaUpdate execute
INFO: HHH000396: Updating schema
Nov 09, 2017 10:29:38 AM org.hibernate.tool.hbm2ddl.TableMetadata &lt;init&gt;
INFO: HHH000261: Table found: HONEY.PUBLIC.ADDRESS
Nov 09, 2017 10:29:38 AM org.hibernate.tool.hbm2ddl.TableMetadata &lt;init&gt;
INFO: HHH000037: Columns: [country, pin, city, user_id, street, h_no, id]
Nov 09, 2017 10:29:38 AM org.hibernate.tool.hbm2ddl.TableMetadata &lt;init&gt;
INFO: HHH000108: Foreign keys: []
Nov 09, 2017 10:29:38 AM org.hibernate.tool.hbm2ddl.TableMetadata &lt;init&gt;
INFO: HHH000126: Indexes: [primary_key_e]
Nov 09, 2017 10:29:38 AM org.hibernate.tool.hbm2ddl.TableMetadata &lt;init&gt;
INFO: HHH000261: Table found: HONEY.PUBLIC.CATEGORY
Nov 09, 2017 10:29:38 AM org.hibernate.tool.hbm2ddl.TableMetadata &lt;init&gt;
INFO: HHH000037: Columns: [name, description, id]
Nov 09, 2017 10:29:38 AM org.hibernate.tool.hbm2ddl.TableMetadata &lt;init&gt;
INFO: HHH000108: Foreign keys: []
Nov 09, 2017 10:29:38 AM org.hibernate.tool.hbm2ddl.TableMetadata &lt;init&gt;
INFO: HHH000126: Indexes: [primary_key_3]
Nov 09, 2017 10:29:38 AM org.hibernate.tool.hbm2ddl.TableMetadata &lt;init&gt;
INFO: HHH000261: Table found: HONEY.PUBLIC.CONTACT
Nov 09, 2017 10:29:38 AM org.hibernate.tool.hbm2ddl.TableMetadata &lt;init&gt;
INFO: HHH000037: Columns: [contact, name, id, message, email]
Nov 09, 2017 10:29:38 AM org.hibernate.tool.hbm2ddl.TableMetadata &lt;init&gt;
INFO: HHH000108: Foreign keys: []
Nov 09, 2017 10:29:38 AM org.hibernate.tool.hbm2ddl.TableMetadata &lt;init&gt;
INFO: HHH000126: Indexes: [primary_key_6]
Nov 09, 2017 10:29:38 AM org.hibernate.tool.hbm2ddl.TableMetadata &lt;init&gt;
INFO: HHH000261: Table found: HONEY.PUBLIC.MY_CART
Nov 09, 2017 10:29:38 AM org.hibernate.tool.hbm2ddl.TableMetadata &lt;init&gt;
INFO: HHH000037: Columns: [date_added, quantity, user_id, price, contact, name, id, message, product_name, email, status]
Nov 09, 2017 10:29:38 AM org.hibernate.tool.hbm2ddl.TableMetadata &lt;init&gt;
INFO: HHH000108: Foreign keys: []
Nov 09, 2017 10:29:38 AM org.hibernate.tool.hbm2ddl.TableMetadata &lt;init&gt;
INFO: HHH000126: Indexes: [primary_key_a]
Nov 09, 2017 10:29:38 AM org.hibernate.tool.hbm2ddl.TableMetadata &lt;init&gt;
INFO: HHH000261: Table found: HONEY.PUBLIC.ORDERTABLE
Nov 09, 2017 10:29:38 AM org.hibernate.tool.hbm2ddl.TableMetadata &lt;init&gt;
INFO: HHH000037: Columns: [user_id, id, date_ordered, status]
Nov 09, 2017 10:29:38 AM org.hibernate.tool.hbm2ddl.TableMetadata &lt;init&gt;
INFO: HHH000108: Foreign keys: []
Nov 09, 2017 10:29:38 AM org.hibernate.tool.hbm2ddl.TableMetadata &lt;init&gt;
INFO: HHH000126: Indexes: [primary_key_4]
Nov 09, 2017 10:29:38 AM org.hibernate.tool.hbm2ddl.TableMetadata &lt;init&gt;
INFO: HHH000261: Table found: HONEY.PUBLIC.PRODUCT
Nov 09, 2017 10:29:38 AM org.hibernate.tool.hbm2ddl.TableMetadata &lt;init&gt;
INFO: HHH000037: Columns: [quantity, category_id, price, name, description, id, supplier_id]
Nov 09, 2017 10:29:38 AM org.hibernate.tool.hbm2ddl.TableMetadata &lt;init&gt;
INFO: HHH000108: Foreign keys: [fk_rs36j88onyhh1iunlr6qthvj6, fk_b7afq93qsn7aoydaftixggf14]
Nov 09, 2017 10:29:38 AM org.hibernate.tool.hbm2ddl.TableMetadata &lt;init&gt;
INFO: HHH000126: Indexes: [primary_key_1, fk_b7afq93qsn7aoydaftixggf14_index_1, fk_rs36j88onyhh1iunlr6qthvj6_index_1]
Nov 09, 2017 10:29:38 AM org.hibernate.tool.hbm2ddl.TableMetadata &lt;init&gt;
INFO: HHH000261: Table found: HONEY.PUBLIC.SUPPLIER
Nov 09, 2017 10:29:38 AM org.hibernate.tool.hbm2ddl.TableMetadata &lt;init&gt;
INFO: HHH000037: Columns: [address, name, id]
Nov 09, 2017 10:29:38 AM org.hibernate.tool.hbm2ddl.TableMetadata &lt;init&gt;
INFO: HHH000108: Foreign keys: []
Nov 09, 2017 10:29:38 AM org.hibernate.tool.hbm2ddl.TableMetadata &lt;init&gt;
INFO: HHH000126: Indexes: [primary_key_c]
Nov 09, 2017 10:29:38 AM org.hibernate.tool.hbm2ddl.TableMetadata &lt;init&gt;
INFO: HHH000261: Table found: HONEY.PUBLIC.USER
Nov 09, 2017 10:29:38 AM org.hibernate.tool.hbm2ddl.TableMetadata &lt;init&gt;
INFO: HHH000037: Columns: [password, role, contact, name, id]
Nov 09, 2017 10:29:38 AM org.hibernate.tool.hbm2ddl.TableMetadata &lt;init&gt;
INFO: HHH000108: Foreign keys: []
Nov 09, 2017 10:29:38 AM org.hibernate.tool.hbm2ddl.TableMetadata &lt;init&gt;
INFO: HHH000126: Indexes: [primary_key_2]
Nov 09, 2017 10:29:38 AM org.hibernate.tool.hbm2ddl.SchemaUpdate execute
INFO: HHH000232: Schema update complete
Nov 09, 2017 10:29:38 AM org.springframework.orm.hibernate4.HibernateTransactionManager afterPropertiesSet
INFO: Using DataSource [org.springframework.jdbc.datasource.DriverManagerDataSource@31133b6e] of Hibernate SessionFactory for HibernateTransactionManager
</system-err>
  </testcase>
  <testcase classname="com.niit.test.CategoryTestCase" name="listAllCategoryTestCase" time="2.177">
    <skipped/>
  </testcase>
  <testcase classname="com.niit.test.CategoryTestCase" name="deleteCategoryTestCase" time="2.178">
    <skipped/>
  </testcase>
  <testcase classname="com.niit.test.CategoryTestCase" name="updateCategoryTestCase" time="2.179">
    <skipped/>
  </testcase>
</testsuite>